2018-05-31T13:36:08.489Z - info: Starting deployment...
2018-05-31T13:36:08.502Z - info: Uploading files to s3...
2018-05-31T13:36:09.537Z - error: Failed to deploy TimeoutError: Missing credentials in config
    at ClientRequest.<anonymous> (/Users/mzahor/src/mobile-creator/node_modules/aws-sdk/lib/http/node.js:56:34)
    at Object.onceWrapper (events.js:313:30)
    at emitNone (events.js:106:13)
    at ClientRequest.emit (events.js:208:7)
    at Socket.emitTimeout (_http_client.js:711:34)
    at Object.onceWrapper (events.js:313:30)
    at emitNone (events.js:106:13)
    at Socket.emit (events.js:208:7)
    at Socket._onTimeout (net.js:420:8)
    at ontimeout (timers.js:482:11)
2018-05-31T13:41:05.347Z - info: Starting deployment...
2018-05-31T13:41:05.359Z - info: Uploading files to s3...
2018-05-31T13:41:06.390Z - error: Failed to deploy TimeoutError: Missing credentials in config
    at ClientRequest.<anonymous> (/Users/mzahor/src/mobile-creator/node_modules/aws-sdk/lib/http/node.js:56:34)
    at Object.onceWrapper (events.js:313:30)
    at emitNone (events.js:106:13)
    at ClientRequest.emit (events.js:208:7)
    at Socket.emitTimeout (_http_client.js:711:34)
    at Object.onceWrapper (events.js:313:30)
    at emitNone (events.js:106:13)
    at Socket.emit (events.js:208:7)
    at Socket._onTimeout (net.js:420:8)
    at ontimeout (timers.js:482:11)
2018-05-31T13:43:17.360Z - info: Starting deployment...
2018-05-31T13:43:17.371Z - info: Uploading files to s3...
2018-05-31T13:43:23.106Z - info: Successfully uploaded files to s3.
2018-05-31T13:44:30.785Z - info: Starting deployment...
2018-05-31T13:44:30.798Z - info: Uploading files to s3...
2018-05-31T13:44:33.175Z - info: Successfully uploaded files to s3.
